[debug] [2021-02-03T17:15:25.072Z] ----------------------------------------------------------------------
[debug] [2021-02-03T17:15:25.080Z] Command:       C:\Program Files\nodejs\node.exe C:\Users\Muhammad Bilal\AppData\Roaming\npm\node_modules\firebase-tools\lib\bin\firebase.js init
[debug] [2021-02-03T17:15:25.081Z] CLI Version:   9.2.2
[debug] [2021-02-03T17:15:25.081Z] Platform:      win32
[debug] [2021-02-03T17:15:25.082Z] Node Version:  v14.15.3
[debug] [2021-02-03T17:15:25.085Z] Time:          Wed Feb 03 2021 22:15:25 GMT+0500 (Pakistan Standard Time)
[debug] [2021-02-03T17:15:25.085Z] ----------------------------------------------------------------------
[debug] [2021-02-03T17:15:25.086Z] 
[debug] [2021-02-03T17:15:25.113Z] >>> [apiv2][query] GET https://firebase-public.firebaseio.com/cli.json [none]
[debug] [2021-02-03T17:15:25.216Z] > command requires scopes: ["email","openid","https://www.googleapis.com/auth/cloudplatformprojects.readonly","https://www.googleapis.com/auth/firebase","https://www.googleapis.com/auth/cloud-platform"]
[debug] [2021-02-03T17:15:25.218Z] > authorizing via signed-in user
[info] 
     ######## #### ########  ######## ########     ###     ######  ########
     ##        ##  ##     ## ##       ##     ##  ##   ##  ##       ##
     ######    ##  ########  ######   ########  #########  ######  ######
     ##        ##  ##    ##  ##       ##     ## ##     ##       ## ##
     ##       #### ##     ## ######## ########  ##     ##  ######  ########

You're about to initialize a Firebase project in this directory:

  C:\Users\Muhammad Bilal\Documents\myprojects\blooddonationapp

[debug] [2021-02-03T17:15:26.422Z] <<< [apiv2][status] GET https://firebase-public.firebaseio.com/cli.json 200
[debug] [2021-02-03T17:15:26.423Z] <<< [apiv2][body] GET https://firebase-public.firebaseio.com/cli.json {"cloudBuildErrorAfter":1594252800000,"cloudBuildWarnAfter":1590019200000,"defaultNode10After":1594252800000,"minVersion":"3.0.5","node8DeploysDisabledAfter":1613390400000,"node8RuntimeDisabledAfter":1615809600000,"node8WarnAfter":1600128000000}
